<?xml version="1.0" encoding="UTF-8" ?>
<testsuite failures="0" time="0.003" errors="0" skipped="3" tests="3" name="com.inspireon.mystory.persistence.RelationRepoTest">
  <properties>
[...]
</properties>
  <testcase time="0.001" classname="com.inspireon.mystory.persistence.RelationRepoTest" name="check2">
    <skipped/>
  </testcase>
  <testcase time="0.001" classname="com.inspireon.mystory.persistence.RelationRepoTest" name="check">
    <skipped/>
  </testcase>
  <testcase time="0.001" classname="com.inspireon.mystory.persistence.RelationRepoTest" name="checkIfUserSubscribedAStoryTest">
    <skipped/>
  </testcase>
</testsuite>